<?xml version="1.0" encoding="UTF-8"?>
<testng-results skipped="0" failed="0" ignored="0" total="4" passed="4">
  <reporter-output>
  </reporter-output>
  <suite name="Default suite" duration-ms="37814" started-at="2018-06-29T10:45:05Z" finished-at="2018-06-29T10:45:43Z">
    <groups>
    </groups>
    <test name="Default test" duration-ms="37814" started-at="2018-06-29T10:45:05Z" finished-at="2018-06-29T10:45:43Z">
      <class name="project.taskcompose_mail.Mailtest">
        <test-method status="PASS" signature="launchBrowser()[pri:0, instance:project.taskcompose_mail.Mailtest@2a5ca609]" name="launchBrowser" is-config="true" duration-ms="7866" started-at="2018-06-29T16:15:05Z" finished-at="2018-06-29T16:15:13Z">
          <reporter-output>
          </reporter-output>
        </test-method> <!-- launchBrowser -->
        <test-method status="PASS" signature="logintest()[pri:0, instance:project.taskcompose_mail.Mailtest@2a5ca609]" name="logintest" duration-ms="6263" started-at="2018-06-29T16:15:13Z" finished-at="2018-06-29T16:15:19Z">
          <reporter-output>
          </reporter-output>
        </test-method> <!-- logintest -->
        <test-method status="PASS" signature="checkLoginSuccessfull()[pri:1, instance:project.taskcompose_mail.Mailtest@2a5ca609]" name="checkLoginSuccessfull" duration-ms="78" started-at="2018-06-29T16:15:19Z" finished-at="2018-06-29T16:15:19Z">
          <reporter-output>
          </reporter-output>
        </test-method> <!-- checkLoginSuccessfull -->
        <test-method status="PASS" signature="checkcomposemail_withsubject()[pri:2, instance:project.taskcompose_mail.Mailtest@2a5ca609]" name="checkcomposemail_withsubject" duration-ms="9515" started-at="2018-06-29T16:15:19Z" finished-at="2018-06-29T16:15:29Z">
          <reporter-output>
          </reporter-output>
        </test-method> <!-- checkcomposemail_withsubject -->
        <test-method status="PASS" signature="checkcomposemail_withoutsubject()[pri:3, instance:project.taskcompose_mail.Mailtest@2a5ca609]" name="checkcomposemail_withoutsubject" duration-ms="14057" started-at="2018-06-29T16:15:29Z" finished-at="2018-06-29T16:15:43Z">
          <reporter-output>
          </reporter-output>
        </test-method> <!-- checkcomposemail_withoutsubject -->
        <test-method status="PASS" signature="closeBrowser()[pri:0, instance:project.taskcompose_mail.Mailtest@2a5ca609]" name="closeBrowser" is-config="true" duration-ms="0" started-at="2018-06-29T16:15:43Z" finished-at="2018-06-29T16:15:43Z">
          <reporter-output>
          </reporter-output>
        </test-method> <!-- closeBrowser -->
      </class> <!-- project.taskcompose_mail.Mailtest -->
    </test> <!-- Default test -->
  </suite> <!-- Default suite -->
</testng-results>
