<?xml version="1.0" encoding="UTF-8"?>
<!-- Generated by org.testng.reporters.JUnitXMLReporter -->
<testsuite hostname="ASDW0085" ignored="0" name="Default test" tests="4" failures="0" timestamp="29 Jun 2018 10:45:43 GMT" time="37.814" errors="0">
  <testcase name="logintest" time="6.263" classname="project.taskcompose_mail.Mailtest"/>
  <testcase name="checkLoginSuccessfull" time="0.078" classname="project.taskcompose_mail.Mailtest"/>
  <testcase name="checkcomposemail_withsubject" time="9.515" classname="project.taskcompose_mail.Mailtest"/>
  <testcase name="checkcomposemail_withoutsubject" time="14.057" classname="project.taskcompose_mail.Mailtest"/>
</testsuite> <!-- Default test -->
